Información del usuario:
Nombre completo: Francis Romero
Correo electrónico: admin@mail.com
Contraseña: admin@mail.com
Tipo de usuario: Administrador
-15/05/2023 15:31:46
-----------------------------------------

Información del usuario:
Nombre completo: Matias Rodriguez
Correo electrónico: vendedor1@mail.com
Contraseña: vendedor1@mail.com
Tipo de usuario: Vendedor
-15/05/2023 15:32:10
-----------------------------------------

Información del usuario:
Nombre completo: Francis Romero
Correo electrónico: admin@mail.com
Contraseña: admin@mail.com
Tipo de usuario: Administrador
-15/05/2023 15:47:44
-----------------------------------------

Información del usuario:
Nombre completo: Francis Romero
Correo electrónico: admin@mail.com
Contraseña: admin@mail.com
Tipo de usuario: Administrador
-15/05/2023 16:48:32
-----------------------------------------

Información del usuario:
Nombre completo: Francis Romero
Correo electrónico: admin@mail.com
Contraseña: admin@mail.com
Tipo de usuario: Administrador
-15/05/2023 21:35:35
-----------------------------------------

Información del usuario:
Nombre completo: Francis Romero
Correo electrónico: admin@mail.com
Contraseña: admin@mail.com
Tipo de usuario: Administrador
-15/05/2023 21:36:13
-----------------------------------------

Información del usuario:
Nombre completo: Francis Romero
Correo electrónico: admin@mail.com
Contraseña: admin@mail.com
Tipo de usuario: Administrador
-15/05/2023 21:36:50
-----------------------------------------

Información del usuario:
Nombre completo: Francis Romero
Correo electrónico: admin@mail.com
Contraseña: admin@mail.com
Tipo de usuario: Administrador
-15/05/2023 21:37:08
-----------------------------------------

Información del usuario:
Nombre completo: Francis Romero
Correo electrónico: admin@mail.com
Contraseña: admin@mail.com
Tipo de usuario: Administrador
-15/05/2023 21:37:33
-----------------------------------------

Información del usuario:
Nombre completo: Francis Romero
Correo electrónico: admin@mail.com
Contraseña: admin@mail.com
Tipo de usuario: Administrador
-15/05/2023 21:38:01
-----------------------------------------

Información del usuario:
Nombre completo: Francis Romero
Correo electrónico: admin@mail.com
Contraseña: admin@mail.com
Tipo de usuario: Administrador
-15/05/2023 22:40:21
-----------------------------------------

Información del usuario:
Nombre completo: Francis Romero
Correo electrónico: admin@mail.com
Contraseña: admin@mail.com
Tipo de usuario: Administrador
-15/05/2023 22:49:33
-----------------------------------------

Información del usuario:
Nombre completo: Francis Romero
Correo electrónico: admin@mail.com
Contraseña: admin@mail.com
Tipo de usuario: Administrador
-15/05/2023 23:37:59
-----------------------------------------

Información del usuario:
Nombre completo: Francis Romero
Correo electrónico: admin@mail.com
Contraseña: admin@mail.com
Tipo de usuario: Administrador
-15/05/2023 23:40:34
-----------------------------------------

Información del usuario:
Nombre completo: Francis Romero
Correo electrónico: admin@mail.com
Contraseña: admin@mail.com
Tipo de usuario: Administrador
-15/05/2023 23:41:59
-----------------------------------------

Información del usuario:
Nombre completo: Francis Romero
Correo electrónico: admin@mail.com
Contraseña: admin@mail.com
Tipo de usuario: Administrador
-15/05/2023 23:44:40
-----------------------------------------

Información del usuario:
Nombre completo: Francis Romero
Correo electrónico: admin@mail.com
Contraseña: admin@mail.com
Tipo de usuario: Administrador
-15/05/2023 23:46:09
-----------------------------------------

Información del usuario:
Nombre completo: Francis Romero
Correo electrónico: admin@mail.com
Contraseña: admin@mail.com
Tipo de usuario: Administrador
-15/05/2023 23:47:08
-----------------------------------------

Información del usuario:
Nombre completo: Francis Romero
Correo electrónico: admin@mail.com
Contraseña: admin@mail.com
Tipo de usuario: Administrador
-15/05/2023 23:49:34
-----------------------------------------

Información del usuario:
Nombre completo: Francis Romero
Correo electrónico: admin@mail.com
Contraseña: admin@mail.com
Tipo de usuario: Administrador
-15/05/2023 23:51:31
-----------------------------------------

Información del usuario:
Nombre completo: Francis Romero
Correo electrónico: admin@mail.com
Contraseña: admin@mail.com
Tipo de usuario: Administrador
-15/05/2023 23:52:39
-----------------------------------------

Información del usuario:
Nombre completo: Francis Romero
Correo electrónico: admin@mail.com
Contraseña: admin@mail.com
Tipo de usuario: Administrador
-15/05/2023 23:53:49
-----------------------------------------

Información del usuario:
Nombre completo: Francis Romero
Correo electrónico: admin@mail.com
Contraseña: admin@mail.com
Tipo de usuario: Administrador
-15/05/2023 23:54:59
-----------------------------------------

Información del usuario:
Nombre completo: Francis Romero
Correo electrónico: admin@mail.com
Contraseña: admin@mail.com
Tipo de usuario: Administrador
-15/05/2023 23:55:59
-----------------------------------------

Información del usuario:
Nombre completo: Francis Romero
Correo electrónico: admin@mail.com
Contraseña: admin@mail.com
Tipo de usuario: Administrador
-16/05/2023 00:16:10
-----------------------------------------

Información del usuario:
Nombre completo: Francis Romero
Correo electrónico: admin@mail.com
Contraseña: admin@mail.com
Tipo de usuario: Administrador
-16/05/2023 00:24:14
-----------------------------------------

Información del usuario:
Nombre completo: Francis Romero
Correo electrónico: admin@mail.com
Contraseña: admin@mail.com
Tipo de usuario: Administrador
-16/05/2023 00:24:59
-----------------------------------------

Información del usuario:
Nombre completo: Francis Romero
Correo electrónico: admin@mail.com
Contraseña: admin@mail.com
Tipo de usuario: Administrador
-16/05/2023 00:25:34
-----------------------------------------

Información del usuario:
Nombre completo: Francis Romero
Correo electrónico: admin@mail.com
Contraseña: admin@mail.com
Tipo de usuario: Administrador
-16/05/2023 00:31:31
-----------------------------------------

Información del usuario:
Nombre completo: Francis Romero
Correo electrónico: admin@mail.com
Contraseña: admin@mail.com
Tipo de usuario: Administrador
-16/05/2023 00:44:25
-----------------------------------------

Información del usuario:
Nombre completo: Francis Romero
Correo electrónico: admin@mail.com
Contraseña: admin@mail.com
Tipo de usuario: Administrador
-16/05/2023 00:45:49
-----------------------------------------

Información del usuario:
Nombre completo: Francis Romero
Correo electrónico: admin@mail.com
Contraseña: admin@mail.com
Tipo de usuario: Administrador
-16/05/2023 00:47:58
-----------------------------------------

Información del usuario:
Nombre completo: Francis Romero
Correo electrónico: admin@mail.com
Contraseña: admin@mail.com
Tipo de usuario: Administrador
-16/05/2023 00:51:59
-----------------------------------------

Información del usuario:
Nombre completo: Francis Romero
Correo electrónico: admin@mail.com
Contraseña: admin@mail.com
Tipo de usuario: Administrador
-16/05/2023 00:55:09
-----------------------------------------

Información del usuario:
Nombre completo: Francis Romero
Correo electrónico: admin@mail.com
Contraseña: admin@mail.com
Tipo de usuario: Administrador
-16/05/2023 01:04:37
-----------------------------------------

Información del usuario:
Nombre completo: Francis Romero
Correo electrónico: admin@mail.com
Contraseña: admin@mail.com
Tipo de usuario: Administrador
-16/05/2023 01:15:10
-----------------------------------------

Información del usuario:
Nombre completo: Francis Romero
Correo electrónico: admin@mail.com
Contraseña: admin@mail.com
Tipo de usuario: Administrador
-16/05/2023 01:15:50
-----------------------------------------

Información del usuario:
Nombre completo: Francis Romero
Correo electrónico: admin@mail.com
Contraseña: admin@mail.com
Tipo de usuario: Administrador
-16/05/2023 01:18:27
-----------------------------------------

Información del usuario:
Nombre completo: Francis Romero
Correo electrónico: admin@mail.com
Contraseña: admin@mail.com
Tipo de usuario: Administrador
-16/05/2023 01:19:07
-----------------------------------------

Información del usuario:
Nombre completo: Francis Romero
Correo electrónico: admin@mail.com
Contraseña: admin@mail.com
Tipo de usuario: Administrador
-16/05/2023 01:19:42
-----------------------------------------

Información del usuario:
Nombre completo: Francis Romero
Correo electrónico: admin@mail.com
Contraseña: admin@mail.com
Tipo de usuario: Administrador
-16/05/2023 01:26:10
-----------------------------------------

Información del usuario:
Nombre completo: Francis Romero
Correo electrónico: admin@mail.com
Contraseña: admin@mail.com
Tipo de usuario: Administrador
-16/05/2023 01:28:34
-----------------------------------------

Información del usuario:
Nombre completo: Francis Romero
Correo electrónico: admin@mail.com
Contraseña: admin@mail.com
Tipo de usuario: Administrador
-16/05/2023 01:32:48
-----------------------------------------

Información del usuario:
Nombre completo: Francis Romero
Correo electrónico: admin@mail.com
Contraseña: admin@mail.com
Tipo de usuario: Administrador
-16/05/2023 01:34:30
-----------------------------------------

Información del usuario:
Nombre completo: Francis Romero
Correo electrónico: admin@mail.com
Contraseña: admin@mail.com
Tipo de usuario: Administrador
-16/05/2023 01:36:38
-----------------------------------------

Información del usuario:
Nombre completo: Francis Romero
Correo electrónico: admin@mail.com
Contraseña: admin@mail.com
Tipo de usuario: Administrador
-16/05/2023 01:40:57
-----------------------------------------

Información del usuario:
Nombre completo: Francis Romero
Correo electrónico: admin@mail.com
Contraseña: admin@mail.com
Tipo de usuario: Administrador
-16/05/2023 01:44:22
-----------------------------------------

Información del usuario:
Nombre completo: Francis Romero
Correo electrónico: admin@mail.com
Contraseña: admin@mail.com
Tipo de usuario: Administrador
-16/05/2023 01:45:11
-----------------------------------------

Información del usuario:
Nombre completo: Francis Romero
Correo electrónico: admin@mail.com
Contraseña: admin@mail.com
Tipo de usuario: Administrador
-16/05/2023 01:48:54
-----------------------------------------

Información del usuario:
Nombre completo: Francis Romero
Correo electrónico: admin@mail.com
Contraseña: admin@mail.com
Tipo de usuario: Administrador
-16/05/2023 01:52:18
-----------------------------------------

Información del usuario:
Nombre completo: Francis Romero
Correo electrónico: admin@mail.com
Contraseña: admin@mail.com
Tipo de usuario: Administrador
-16/05/2023 01:53:56
-----------------------------------------

Información del usuario:
Nombre completo: Francis Romero
Correo electrónico: admin@mail.com
Contraseña: admin@mail.com
Tipo de usuario: Administrador
-16/05/2023 02:03:09
-----------------------------------------

Información del usuario:
Nombre completo: Francis Romero
Correo electrónico: admin@mail.com
Contraseña: admin@mail.com
Tipo de usuario: Administrador
-16/05/2023 02:05:50
-----------------------------------------

Información del usuario:
Nombre completo: Francis Romero
Correo electrónico: admin@mail.com
Contraseña: admin@mail.com
Tipo de usuario: Administrador
-16/05/2023 02:06:53
-----------------------------------------

Información del usuario:
Nombre completo: Francis Romero
Correo electrónico: admin@mail.com
Contraseña: admin@mail.com
Tipo de usuario: Administrador
-16/05/2023 02:08:11
-----------------------------------------

Información del usuario:
Nombre completo: Francis Romero
Correo electrónico: admin@mail.com
Contraseña: admin@mail.com
Tipo de usuario: Administrador
-16/05/2023 02:10:00
-----------------------------------------

Información del usuario:
Nombre completo: Francis Romero
Correo electrónico: admin@mail.com
Contraseña: admin@mail.com
Tipo de usuario: Administrador
-16/05/2023 02:15:11
-----------------------------------------

Información del usuario:
Nombre completo: Francis Romero
Correo electrónico: admin@mail.com
Contraseña: admin@mail.com
Tipo de usuario: Administrador
-16/05/2023 02:18:18
-----------------------------------------

Información del usuario:
Nombre completo: Francis Romero
Correo electrónico: admin@mail.com
Contraseña: admin@mail.com
Tipo de usuario: Administrador
-16/05/2023 02:21:08
-----------------------------------------

Información del usuario:
Nombre completo: Francis Romero
Correo electrónico: admin@mail.com
Contraseña: admin@mail.com
Tipo de usuario: Administrador
-16/05/2023 02:22:56
-----------------------------------------

Información del usuario:
Nombre completo: Francis Romero
Correo electrónico: admin@mail.com
Contraseña: admin@mail.com
Tipo de usuario: Administrador
-16/05/2023 02:24:08
-----------------------------------------

Información del usuario:
Nombre completo: Francis Romero
Correo electrónico: admin@mail.com
Contraseña: admin@mail.com
Tipo de usuario: Administrador
-16/05/2023 02:26:15
-----------------------------------------

Información del usuario:
Nombre completo: Francis Romero
Correo electrónico: admin@mail.com
Contraseña: admin@mail.com
Tipo de usuario: Administrador
-16/05/2023 02:28:21
-----------------------------------------

Información del usuario:
Nombre completo: Francis Romero
Correo electrónico: admin@mail.com
Contraseña: admin@mail.com
Tipo de usuario: Administrador
-16/05/2023 02:32:45
-----------------------------------------

Información del usuario:
Nombre completo: Francis Romero
Correo electrónico: admin@mail.com
Contraseña: admin@mail.com
Tipo de usuario: Administrador
-16/05/2023 02:34:02
-----------------------------------------

Información del usuario:
Nombre completo: Francis Romero
Correo electrónico: admin@mail.com
Contraseña: admin@mail.com
Tipo de usuario: Administrador
-16/05/2023 02:36:26
-----------------------------------------

Información del usuario:
Nombre completo: Francis Romero
Correo electrónico: admin@mail.com
Contraseña: admin@mail.com
Tipo de usuario: Administrador
-16/05/2023 02:41:41
-----------------------------------------

